[ INFO] 2017-02-10 10:17:36,014 [] [] FTP server started
[ INFO] 2017-02-10 10:18:10,158 [] [0:0:0:0:0:0:0:1] CREATED
[ INFO] 2017-02-10 10:18:10,210 [] [0:0:0:0:0:0:0:1] OPENED
[ INFO] 2017-02-10 10:18:10,221 [] [0:0:0:0:0:0:0:1] CREATED
[ INFO] 2017-02-10 10:18:10,222 [] [0:0:0:0:0:0:0:1] OPENED
[ INFO] 2017-02-10 10:18:10,226 [] [0:0:0:0:0:0:0:1] RECEIVED: HEAD / HTTP/1.1
[ INFO] 2017-02-10 10:18:10,226 [] [0:0:0:0:0:0:0:1] RECEIVED: GET / HTTP/1.1
[ INFO] 2017-02-10 10:18:10,227 [] [0:0:0:0:0:0:0:1] RECEIVED: Host: localhost:21
[ INFO] 2017-02-10 10:18:10,227 [] [0:0:0:0:0:0:0:1] RECEIVED: Accept-Language: en-us,en;q=0.5
[ INFO] 2017-02-10 10:18:10,228 [] [0:0:0:0:0:0:0:1] RECEIVED: Accept-Encoding: gzip, deflate
[ INFO] 2017-02-10 10:18:10,230 [] [0:0:0:0:0:0:0:1] RECEIVED: Accept: text/html,application/xhtml+xml,application/xml;q=0.9,*/*;q=0.8
[ INFO] 2017-02-10 10:18:10,230 [] [0:0:0:0:0:0:0:1] RECEIVED: Host: localhost:21
[ INFO] 2017-02-10 10:18:10,230 [] [0:0:0:0:0:0:0:1] RECEIVED: User-Agent: Mozilla/5.0 (X11; Linux x86_64; rv:10.0) Gecko/20150101 Firefox/44.0 (Chrome)
[ INFO] 2017-02-10 10:18:10,230 [] [0:0:0:0:0:0:0:1] RECEIVED: Accept-Charset: ISO-8859-1,utf-8;q=0.7,*;q=0.7
[ INFO] 2017-02-10 10:18:10,231 [] [0:0:0:0:0:0:0:1] RECEIVED: Connection: close
[ INFO] 2017-02-10 10:18:10,231 [] [0:0:0:0:0:0:0:1] RECEIVED: Accept-Language: en-us,en;q=0.5
[ INFO] 2017-02-10 10:18:10,231 [] [0:0:0:0:0:0:0:1] RECEIVED: 
[ INFO] 2017-02-10 10:18:10,231 [] [0:0:0:0:0:0:0:1] SENT: 220 Service ready for new user.

[ INFO] 2017-02-10 10:18:10,231 [] [0:0:0:0:0:0:0:1] RECEIVED: Accept-Encoding: *
[ INFO] 2017-02-10 10:18:10,231 [] [0:0:0:0:0:0:0:1] RECEIVED: Accept: text/html,application/xhtml+xml,application/xml;q=0.9,*/*;q=0.8
[ INFO] 2017-02-10 10:18:10,232 [] [0:0:0:0:0:0:0:1] RECEIVED: User-Agent: Mozilla/5.0 (X11; Linux x86_64; rv:10.0) Gecko/20150101 Firefox/44.0 (Chrome)
[ INFO] 2017-02-10 10:18:10,232 [] [0:0:0:0:0:0:0:1] CLOSED
[ INFO] 2017-02-10 10:18:10,232 [] [0:0:0:0:0:0:0:1] RECEIVED: Accept-Charset: ISO-8859-1,utf-8;q=0.7,*;q=0.7
[ INFO] 2017-02-10 10:18:10,232 [] [0:0:0:0:0:0:0:1] RECEIVED: Connection: close
[ INFO] 2017-02-10 10:18:10,233 [] [0:0:0:0:0:0:0:1] RECEIVED: 
[ INFO] 2017-02-10 10:18:10,233 [] [0:0:0:0:0:0:0:1] SENT: 220 Service ready for new user.

[ INFO] 2017-02-10 10:18:10,233 [] [0:0:0:0:0:0:0:1] SENT: 530 Access denied.

[ INFO] 2017-02-10 10:18:10,233 [] [0:0:0:0:0:0:0:1] SENT: 530 Access denied.

[ INFO] 2017-02-10 10:18:10,233 [] [0:0:0:0:0:0:0:1] SENT: 530 Access denied.

[ INFO] 2017-02-10 10:18:10,233 [] [0:0:0:0:0:0:0:1] SENT: 530 Access denied.

[ INFO] 2017-02-10 10:18:10,233 [] [0:0:0:0:0:0:0:1] SENT: 530 Access denied.

[ INFO] 2017-02-10 10:18:10,234 [] [0:0:0:0:0:0:0:1] SENT: 530 Access denied.

[ INFO] 2017-02-10 10:18:10,234 [] [0:0:0:0:0:0:0:1] SENT: 530 Access denied.

[ INFO] 2017-02-10 10:18:10,234 [] [0:0:0:0:0:0:0:1] SENT: 530 Access denied.

[ INFO] 2017-02-10 10:18:10,234 [] [0:0:0:0:0:0:0:1] SENT: 530 Access denied.

[ WARN] 2017-02-10 10:18:10,238 [] [0:0:0:0:0:0:0:1] EXCEPTION :
java.io.IOException: Une connexion existante a dû être fermée par l’hôte distant
	at sun.nio.ch.SocketDispatcher.read0(Native Method)
	at sun.nio.ch.SocketDispatcher.read(Unknown Source)
	at sun.nio.ch.IOUtil.readIntoNativeBuffer(Unknown Source)
	at sun.nio.ch.IOUtil.read(Unknown Source)
	at sun.nio.ch.SocketChannelImpl.read(Unknown Source)
	at org.apache.mina.transport.socket.nio.NioProcessor.read(NioProcessor.java:317)
	at org.apache.mina.transport.socket.nio.NioProcessor.read(NioProcessor.java:45)
	at org.apache.mina.core.polling.AbstractPollingIoProcessor.read(AbstractPollingIoProcessor.java:683)
	at org.apache.mina.core.polling.AbstractPollingIoProcessor.process(AbstractPollingIoProcessor.java:659)
	at org.apache.mina.core.polling.AbstractPollingIoProcessor.process(AbstractPollingIoProcessor.java:648)
	at org.apache.mina.core.polling.AbstractPollingIoProcessor.access$600(AbstractPollingIoProcessor.java:68)
	at org.apache.mina.core.polling.AbstractPollingIoProcessor$Processor.run(AbstractPollingIoProcessor.java:1120)
	at org.apache.mina.util.NamePreservingRunnable.run(NamePreservingRunnable.java:64)
	at java.util.concurrent.ThreadPoolExecutor.runWorker(Unknown Source)
	at java.util.concurrent.ThreadPoolExecutor$Worker.run(Unknown Source)
	at java.lang.Thread.run(Unknown Source)
[ERROR] 2017-02-10 10:18:10,240 [] [0:0:0:0:0:0:0:1] Exception caught, closing session
java.io.IOException: Une connexion existante a dû être fermée par l’hôte distant
	at sun.nio.ch.SocketDispatcher.read0(Native Method)
	at sun.nio.ch.SocketDispatcher.read(Unknown Source)
	at sun.nio.ch.IOUtil.readIntoNativeBuffer(Unknown Source)
	at sun.nio.ch.IOUtil.read(Unknown Source)
	at sun.nio.ch.SocketChannelImpl.read(Unknown Source)
	at org.apache.mina.transport.socket.nio.NioProcessor.read(NioProcessor.java:317)
	at org.apache.mina.transport.socket.nio.NioProcessor.read(NioProcessor.java:45)
	at org.apache.mina.core.polling.AbstractPollingIoProcessor.read(AbstractPollingIoProcessor.java:683)
	at org.apache.mina.core.polling.AbstractPollingIoProcessor.process(AbstractPollingIoProcessor.java:659)
	at org.apache.mina.core.polling.AbstractPollingIoProcessor.process(AbstractPollingIoProcessor.java:648)
	at org.apache.mina.core.polling.AbstractPollingIoProcessor.access$600(AbstractPollingIoProcessor.java:68)
	at org.apache.mina.core.polling.AbstractPollingIoProcessor$Processor.run(AbstractPollingIoProcessor.java:1120)
	at org.apache.mina.util.NamePreservingRunnable.run(NamePreservingRunnable.java:64)
	at java.util.concurrent.ThreadPoolExecutor.runWorker(Unknown Source)
	at java.util.concurrent.ThreadPoolExecutor$Worker.run(Unknown Source)
	at java.lang.Thread.run(Unknown Source)
[ INFO] 2017-02-10 10:18:10,240 [] [0:0:0:0:0:0:0:1] CLOSED
[ INFO] 2017-02-10 10:18:24,467 [] [0:0:0:0:0:0:0:1] CREATED
[ INFO] 2017-02-10 10:18:24,468 [] [0:0:0:0:0:0:0:1] OPENED
[ INFO] 2017-02-10 10:18:24,469 [] [0:0:0:0:0:0:0:1] SENT: 220 Service ready for new user.

[ INFO] 2017-02-10 10:18:24,473 [] [0:0:0:0:0:0:0:1] RECEIVED: USER anonymous
[ INFO] 2017-02-10 10:18:24,473 [anonymous] [0:0:0:0:0:0:0:1] SENT: 331 Guest login okay, send your complete e-mail address as password.

[ INFO] 2017-02-10 10:18:24,474 [anonymous] [0:0:0:0:0:0:0:1] RECEIVED: PASS *****
[ WARN] 2017-02-10 10:18:24,476 [anonymous] [0:0:0:0:0:0:0:1] User failed to log in
[ WARN] 2017-02-10 10:18:24,978 [anonymous] [0:0:0:0:0:0:0:1] Login failure - anonymous
[ INFO] 2017-02-10 10:18:24,980 [anonymous] [0:0:0:0:0:0:0:1] SENT: 530 Authentication failed.

[ INFO] 2017-02-10 10:18:24,980 [anonymous] [0:0:0:0:0:0:0:1] CLOSED
[ INFO] 2017-02-10 10:18:24,980 [] [0:0:0:0:0:0:0:1] CREATED
[ INFO] 2017-02-10 10:18:24,981 [] [0:0:0:0:0:0:0:1] OPENED
[ INFO] 2017-02-10 10:18:24,982 [] [0:0:0:0:0:0:0:1] SENT: 220 Service ready for new user.

[ INFO] 2017-02-10 10:18:31,475 [] [0:0:0:0:0:0:0:1] RECEIVED: USER h
[ INFO] 2017-02-10 10:18:31,476 [h] [0:0:0:0:0:0:0:1] SENT: 331 User name okay, need password for h.

[ INFO] 2017-02-10 10:18:31,509 [h] [0:0:0:0:0:0:0:1] RECEIVED: PASS *****
[ WARN] 2017-02-10 10:18:31,509 [h] [0:0:0:0:0:0:0:1] User failed to log in
[ WARN] 2017-02-10 10:18:32,009 [h] [0:0:0:0:0:0:0:1] Login failure - h
[ INFO] 2017-02-10 10:18:32,010 [h] [0:0:0:0:0:0:0:1] SENT: 530 Authentication failed.

[ INFO] 2017-02-10 10:18:32,012 [h] [0:0:0:0:0:0:0:1] CLOSED
[ INFO] 2017-02-10 10:22:18,612 [] [] FTP server started
[ INFO] 2017-02-10 10:22:49,865 [] [0:0:0:0:0:0:0:1] CREATED
[ INFO] 2017-02-10 10:22:49,916 [] [0:0:0:0:0:0:0:1] OPENED
[ INFO] 2017-02-10 10:22:49,931 [] [0:0:0:0:0:0:0:1] SENT: 220 Service ready for new user.

[ INFO] 2017-02-10 10:22:49,933 [] [0:0:0:0:0:0:0:1] RECEIVED: USER anonymous
[ INFO] 2017-02-10 10:22:49,934 [anonymous] [0:0:0:0:0:0:0:1] SENT: 331 Guest login okay, send your complete e-mail address as password.

[ INFO] 2017-02-10 10:22:49,935 [anonymous] [0:0:0:0:0:0:0:1] RECEIVED: PASS *****
[ WARN] 2017-02-10 10:22:49,936 [anonymous] [0:0:0:0:0:0:0:1] User failed to log in
[ WARN] 2017-02-10 10:22:50,451 [anonymous] [0:0:0:0:0:0:0:1] Login failure - anonymous
[ INFO] 2017-02-10 10:22:50,451 [anonymous] [0:0:0:0:0:0:0:1] SENT: 530 Authentication failed.

[ INFO] 2017-02-10 10:22:50,451 [anonymous] [0:0:0:0:0:0:0:1] CLOSED
[ INFO] 2017-02-10 10:22:50,451 [] [0:0:0:0:0:0:0:1] CREATED
[ INFO] 2017-02-10 10:22:50,467 [anonymous] [0:0:0:0:0:0:0:1] OPENED
[ INFO] 2017-02-10 10:22:50,467 [] [0:0:0:0:0:0:0:1] SENT: 220 Service ready for new user.

[ INFO] 2017-02-10 10:22:57,974 [anonymous] [0:0:0:0:0:0:0:1] RECEIVED: USER brette
[ INFO] 2017-02-10 10:22:57,974 [brette] [0:0:0:0:0:0:0:1] SENT: 331 User name okay, need password for brette.

[ INFO] 2017-02-10 10:22:58,005 [brette] [0:0:0:0:0:0:0:1] RECEIVED: PASS *****
[ WARN] 2017-02-10 10:22:58,005 [brette] [0:0:0:0:0:0:0:1] User failed to log in
[ WARN] 2017-02-10 10:22:58,508 [brette] [0:0:0:0:0:0:0:1] Login failure - brette
[ INFO] 2017-02-10 10:22:58,508 [brette] [0:0:0:0:0:0:0:1] SENT: 530 Authentication failed.

[ INFO] 2017-02-10 10:22:58,508 [brette] [0:0:0:0:0:0:0:1] CLOSED
[ INFO] 2017-02-10 10:28:29,798 [] [0:0:0:0:0:0:0:1] CREATED
[ INFO] 2017-02-10 10:28:29,798 [] [0:0:0:0:0:0:0:1] OPENED
[ INFO] 2017-02-10 10:28:29,814 [] [0:0:0:0:0:0:0:1] RECEIVED: HEAD / HTTP/1.1
[ INFO] 2017-02-10 10:28:29,814 [] [0:0:0:0:0:0:0:1] RECEIVED: Host: localhost:21
[ INFO] 2017-02-10 10:28:29,814 [] [0:0:0:0:0:0:0:1] RECEIVED: Accept-Language: en-us,en;q=0.5
[ INFO] 2017-02-10 10:28:29,814 [] [0:0:0:0:0:0:0:1] RECEIVED: Accept-Encoding: gzip, deflate
[ INFO] 2017-02-10 10:28:29,814 [] [0:0:0:0:0:0:0:1] CREATED
[ INFO] 2017-02-10 10:28:29,814 [] [0:0:0:0:0:0:0:1] RECEIVED: Accept: text/html,application/xhtml+xml,application/xml;q=0.9,*/*;q=0.8
[ INFO] 2017-02-10 10:28:29,814 [] [0:0:0:0:0:0:0:1] RECEIVED: User-Agent: Mozilla/5.0 (X11; Linux x86_64; rv:10.0) Gecko/20150101 Firefox/44.0 (Chrome)
[ INFO] 2017-02-10 10:28:29,814 [] [0:0:0:0:0:0:0:1] RECEIVED: Accept-Charset: ISO-8859-1,utf-8;q=0.7,*;q=0.7
[ INFO] 2017-02-10 10:28:29,814 [] [0:0:0:0:0:0:0:1] RECEIVED: Connection: close
[ INFO] 2017-02-10 10:28:29,814 [] [0:0:0:0:0:0:0:1] RECEIVED: 
[ INFO] 2017-02-10 10:28:29,814 [] [0:0:0:0:0:0:0:1] SENT: 220 Service ready for new user.

[ INFO] 2017-02-10 10:28:29,814 [] [0:0:0:0:0:0:0:1] CLOSED
[ INFO] 2017-02-10 10:28:29,814 [] [0:0:0:0:0:0:0:1] OPENED
[ INFO] 2017-02-10 10:28:29,814 [] [0:0:0:0:0:0:0:1] RECEIVED: GET / HTTP/1.1
[ INFO] 2017-02-10 10:28:29,814 [] [0:0:0:0:0:0:0:1] RECEIVED: Host: localhost:21
[ INFO] 2017-02-10 10:28:29,814 [] [0:0:0:0:0:0:0:1] RECEIVED: Accept-Language: en-us,en;q=0.5
[ INFO] 2017-02-10 10:28:29,814 [] [0:0:0:0:0:0:0:1] RECEIVED: Accept-Encoding: *
[ INFO] 2017-02-10 10:28:29,814 [] [0:0:0:0:0:0:0:1] RECEIVED: Accept: text/html,application/xhtml+xml,application/xml;q=0.9,*/*;q=0.8
[ INFO] 2017-02-10 10:28:29,814 [] [0:0:0:0:0:0:0:1] RECEIVED: User-Agent: Mozilla/5.0 (X11; Linux x86_64; rv:10.0) Gecko/20150101 Firefox/44.0 (Chrome)
[ INFO] 2017-02-10 10:28:29,814 [] [0:0:0:0:0:0:0:1] RECEIVED: Accept-Charset: ISO-8859-1,utf-8;q=0.7,*;q=0.7
[ INFO] 2017-02-10 10:28:29,814 [] [0:0:0:0:0:0:0:1] RECEIVED: Connection: close
[ INFO] 2017-02-10 10:28:29,814 [] [0:0:0:0:0:0:0:1] RECEIVED: 
[ INFO] 2017-02-10 10:28:29,814 [] [0:0:0:0:0:0:0:1] SENT: 220 Service ready for new user.

[ INFO] 2017-02-10 10:28:29,814 [] [0:0:0:0:0:0:0:1] SENT: 530 Access denied.

[ INFO] 2017-02-10 10:28:29,814 [] [0:0:0:0:0:0:0:1] SENT: 530 Access denied.

[ INFO] 2017-02-10 10:28:29,814 [] [0:0:0:0:0:0:0:1] SENT: 530 Access denied.

[ INFO] 2017-02-10 10:28:29,814 [] [0:0:0:0:0:0:0:1] SENT: 530 Access denied.

[ INFO] 2017-02-10 10:28:29,814 [] [0:0:0:0:0:0:0:1] SENT: 530 Access denied.

[ INFO] 2017-02-10 10:28:29,814 [] [0:0:0:0:0:0:0:1] SENT: 530 Access denied.

[ INFO] 2017-02-10 10:28:29,814 [] [0:0:0:0:0:0:0:1] SENT: 530 Access denied.

[ INFO] 2017-02-10 10:28:29,814 [] [0:0:0:0:0:0:0:1] SENT: 530 Access denied.

[ INFO] 2017-02-10 10:28:29,814 [] [0:0:0:0:0:0:0:1] SENT: 530 Access denied.

[ WARN] 2017-02-10 10:28:29,830 [] [0:0:0:0:0:0:0:1] EXCEPTION :
java.io.IOException: Une connexion existante a dû être fermée par l’hôte distant
	at sun.nio.ch.SocketDispatcher.read0(Native Method)
	at sun.nio.ch.SocketDispatcher.read(Unknown Source)
	at sun.nio.ch.IOUtil.readIntoNativeBuffer(Unknown Source)
	at sun.nio.ch.IOUtil.read(Unknown Source)
	at sun.nio.ch.SocketChannelImpl.read(Unknown Source)
	at org.apache.mina.transport.socket.nio.NioProcessor.read(NioProcessor.java:317)
	at org.apache.mina.transport.socket.nio.NioProcessor.read(NioProcessor.java:45)
	at org.apache.mina.core.polling.AbstractPollingIoProcessor.read(AbstractPollingIoProcessor.java:683)
	at org.apache.mina.core.polling.AbstractPollingIoProcessor.process(AbstractPollingIoProcessor.java:659)
	at org.apache.mina.core.polling.AbstractPollingIoProcessor.process(AbstractPollingIoProcessor.java:648)
	at org.apache.mina.core.polling.AbstractPollingIoProcessor.access$600(AbstractPollingIoProcessor.java:68)
	at org.apache.mina.core.polling.AbstractPollingIoProcessor$Processor.run(AbstractPollingIoProcessor.java:1120)
	at org.apache.mina.util.NamePreservingRunnable.run(NamePreservingRunnable.java:64)
	at java.util.concurrent.ThreadPoolExecutor.runWorker(Unknown Source)
	at java.util.concurrent.ThreadPoolExecutor$Worker.run(Unknown Source)
	at java.lang.Thread.run(Unknown Source)
[ERROR] 2017-02-10 10:28:29,830 [] [0:0:0:0:0:0:0:1] Exception caught, closing session
java.io.IOException: Une connexion existante a dû être fermée par l’hôte distant
	at sun.nio.ch.SocketDispatcher.read0(Native Method)
	at sun.nio.ch.SocketDispatcher.read(Unknown Source)
	at sun.nio.ch.IOUtil.readIntoNativeBuffer(Unknown Source)
	at sun.nio.ch.IOUtil.read(Unknown Source)
	at sun.nio.ch.SocketChannelImpl.read(Unknown Source)
	at org.apache.mina.transport.socket.nio.NioProcessor.read(NioProcessor.java:317)
	at org.apache.mina.transport.socket.nio.NioProcessor.read(NioProcessor.java:45)
	at org.apache.mina.core.polling.AbstractPollingIoProcessor.read(AbstractPollingIoProcessor.java:683)
	at org.apache.mina.core.polling.AbstractPollingIoProcessor.process(AbstractPollingIoProcessor.java:659)
	at org.apache.mina.core.polling.AbstractPollingIoProcessor.process(AbstractPollingIoProcessor.java:648)
	at org.apache.mina.core.polling.AbstractPollingIoProcessor.access$600(AbstractPollingIoProcessor.java:68)
	at org.apache.mina.core.polling.AbstractPollingIoProcessor$Processor.run(AbstractPollingIoProcessor.java:1120)
	at org.apache.mina.util.NamePreservingRunnable.run(NamePreservingRunnable.java:64)
	at java.util.concurrent.ThreadPoolExecutor.runWorker(Unknown Source)
	at java.util.concurrent.ThreadPoolExecutor$Worker.run(Unknown Source)
	at java.lang.Thread.run(Unknown Source)
[ INFO] 2017-02-10 10:28:29,830 [] [0:0:0:0:0:0:0:1] CLOSED
[ INFO] 2017-02-10 10:28:53,610 [] [0:0:0:0:0:0:0:1] CREATED
[ INFO] 2017-02-10 10:28:53,610 [] [0:0:0:0:0:0:0:1] OPENED
[ INFO] 2017-02-10 10:28:53,610 [] [0:0:0:0:0:0:0:1] SENT: 220 Service ready for new user.

[ INFO] 2017-02-10 10:28:53,610 [] [0:0:0:0:0:0:0:1] RECEIVED: USER anonymous
[ INFO] 2017-02-10 10:28:53,610 [anonymous] [0:0:0:0:0:0:0:1] SENT: 331 Guest login okay, send your complete e-mail address as password.

[ INFO] 2017-02-10 10:28:53,610 [anonymous] [0:0:0:0:0:0:0:1] RECEIVED: PASS *****
[ WARN] 2017-02-10 10:28:53,610 [anonymous] [0:0:0:0:0:0:0:1] User failed to log in
[ WARN] 2017-02-10 10:28:54,110 [anonymous] [0:0:0:0:0:0:0:1] Login failure - anonymous
[ INFO] 2017-02-10 10:28:54,110 [anonymous] [0:0:0:0:0:0:0:1] SENT: 530 Authentication failed.

[ INFO] 2017-02-10 10:28:54,110 [anonymous] [0:0:0:0:0:0:0:1] CLOSED
[ INFO] 2017-02-10 10:28:54,110 [] [0:0:0:0:0:0:0:1] CREATED
[ INFO] 2017-02-10 10:28:54,110 [] [0:0:0:0:0:0:0:1] OPENED
[ INFO] 2017-02-10 10:28:54,110 [] [0:0:0:0:0:0:0:1] SENT: 220 Service ready for new user.

[ INFO] 2017-02-10 10:28:57,553 [] [0:0:0:0:0:0:0:1] RECEIVED: USER gs
[ INFO] 2017-02-10 10:28:57,553 [gs] [0:0:0:0:0:0:0:1] SENT: 331 User name okay, need password for gs.

[ INFO] 2017-02-10 10:28:59,075 [gs] [0:0:0:0:0:0:0:1] RECEIVED: PASS *****
[ WARN] 2017-02-10 10:28:59,075 [gs] [0:0:0:0:0:0:0:1] User failed to log in
[ WARN] 2017-02-10 10:28:59,590 [gs] [0:0:0:0:0:0:0:1] Login failure - gs
[ INFO] 2017-02-10 10:28:59,590 [gs] [0:0:0:0:0:0:0:1] SENT: 530 Authentication failed.

[ INFO] 2017-02-10 10:28:59,590 [gs] [0:0:0:0:0:0:0:1] CLOSED
[ INFO] 2017-02-10 10:29:36,831 [] [] FTP server started
[ INFO] 2017-02-10 10:29:41,167 [] [0:0:0:0:0:0:0:1] CREATED
[ INFO] 2017-02-10 10:29:41,214 [] [0:0:0:0:0:0:0:1] OPENED
[ INFO] 2017-02-10 10:29:41,214 [] [0:0:0:0:0:0:0:1] SENT: 220 Service ready for new user.

[ INFO] 2017-02-10 10:29:41,214 [] [0:0:0:0:0:0:0:1] RECEIVED: USER anonymous
[ INFO] 2017-02-10 10:29:41,230 [anonymous] [0:0:0:0:0:0:0:1] SENT: 331 Guest login okay, send your complete e-mail address as password.

[ INFO] 2017-02-10 10:29:41,230 [anonymous] [0:0:0:0:0:0:0:1] RECEIVED: PASS *****
[ WARN] 2017-02-10 10:29:41,230 [anonymous] [0:0:0:0:0:0:0:1] User failed to log in
[ WARN] 2017-02-10 10:29:41,739 [anonymous] [0:0:0:0:0:0:0:1] Login failure - anonymous
[ INFO] 2017-02-10 10:29:41,739 [anonymous] [0:0:0:0:0:0:0:1] SENT: 530 Authentication failed.

[ INFO] 2017-02-10 10:29:41,739 [anonymous] [0:0:0:0:0:0:0:1] CLOSED
[ INFO] 2017-02-10 10:29:41,739 [] [0:0:0:0:0:0:0:1] CREATED
[ INFO] 2017-02-10 10:29:41,754 [] [0:0:0:0:0:0:0:1] OPENED
[ INFO] 2017-02-10 10:29:41,754 [] [0:0:0:0:0:0:0:1] SENT: 220 Service ready for new user.

[ INFO] 2017-02-10 10:29:57,828 [] [0:0:0:0:0:0:0:1] CLOSED
[ INFO] 2017-02-10 10:51:17,498 [] [] Refreshing org.springframework.context.support.FileSystemXmlApplicationContext@deb6432: display name [org.springframework.context.support.FileSystemXmlApplicationContext@deb6432]; startup date [Fri Feb 10 10:51:17 CET 2017]; root of context hierarchy
[ INFO] 2017-02-10 10:51:17,561 [] [] Loading XML bean definitions from file [C:\Users\brette\Desktop\apache-ftpserver-1.1.0\res\conf\ftpd-typical.xml]
[ INFO] 2017-02-10 10:51:19,045 [] [] Bean factory for application context [org.springframework.context.support.FileSystemXmlApplicationContext@deb6432]: org.springframework.beans.factory.support.DefaultListableBeanFactory@2d3fcdbd
[ INFO] 2017-02-10 10:51:19,061 [] [] Pre-instantiating singletons in org.springframework.beans.factory.support.DefaultListableBeanFactory@2d3fcdbd: defining beans [org.apache.ftpserver.listener.ListenerFactory#0,org.apache.ftpserver.usermanager.PropertiesUserManagerFactory#0,org.apache.ftpserver.FtpServerFactory#0,myServer]; root of factory hierarchy
[ INFO] 2017-02-10 10:51:19,217 [] [] FTP server started
[ INFO] 2017-02-10 10:51:37,523 [] [0:0:0:0:0:0:0:1] CREATED
[ INFO] 2017-02-10 10:51:37,539 [] [0:0:0:0:0:0:0:1] OPENED
[ INFO] 2017-02-10 10:51:37,552 [] [0:0:0:0:0:0:0:1] SENT: 220 Service ready for new user.

[ INFO] 2017-02-10 10:51:37,554 [] [0:0:0:0:0:0:0:1] RECEIVED: USER anonymous
[ INFO] 2017-02-10 10:51:37,556 [anonymous] [0:0:0:0:0:0:0:1] SENT: 331 Guest login okay, send your complete e-mail address as password.

[ INFO] 2017-02-10 10:51:37,557 [anonymous] [0:0:0:0:0:0:0:1] RECEIVED: PASS *****
[ INFO] 2017-02-10 10:51:37,562 [anonymous] [0:0:0:0:0:0:0:1] Anonymous login success - mozilla@example.com
[ INFO] 2017-02-10 10:51:37,562 [anonymous] [0:0:0:0:0:0:0:1] SENT: 230 User logged in, proceed.

[ INFO] 2017-02-10 10:51:37,565 [anonymous] [0:0:0:0:0:0:0:1] RECEIVED: SYST
[ INFO] 2017-02-10 10:51:37,566 [anonymous] [0:0:0:0:0:0:0:1] SENT: 215 UNIX Type: Apache FtpServer

[ INFO] 2017-02-10 10:51:37,569 [anonymous] [0:0:0:0:0:0:0:1] RECEIVED: FEAT
[ INFO] 2017-02-10 10:51:37,569 [anonymous] [0:0:0:0:0:0:0:1] SENT: 211-Extensions supported
 SIZE
 MDTM
 REST STREAM
 LANG en;zh-tw;ja;is
 MLST Size;Modify;Type;Perm
 AUTH SSL
 AUTH TLS
 MODE Z
 UTF8
 TVFS
 MD5
 MMD5
 MFMT
211 End

[ INFO] 2017-02-10 10:51:37,570 [anonymous] [0:0:0:0:0:0:0:1] RECEIVED: OPTS UTF8 ON
[ INFO] 2017-02-10 10:51:37,570 [anonymous] [0:0:0:0:0:0:0:1] SENT: 200 Command OPTS okay.

[ INFO] 2017-02-10 10:51:37,571 [anonymous] [0:0:0:0:0:0:0:1] RECEIVED: PWD
[ INFO] 2017-02-10 10:51:37,573 [anonymous] [0:0:0:0:0:0:0:1] SENT: 257 "/" is current directory.

[ INFO] 2017-02-10 10:51:37,574 [anonymous] [0:0:0:0:0:0:0:1] RECEIVED: TYPE I
[ INFO] 2017-02-10 10:51:37,575 [anonymous] [0:0:0:0:0:0:0:1] SENT: 200 Command TYPE okay.

[ INFO] 2017-02-10 10:51:37,575 [anonymous] [0:0:0:0:0:0:0:1] RECEIVED: EPSV
[ INFO] 2017-02-10 10:51:37,578 [anonymous] [0:0:0:0:0:0:0:1] SENT: 229 Entering Passive Mode (|||2699|)

[ INFO] 2017-02-10 10:51:37,581 [anonymous] [0:0:0:0:0:0:0:1] RECEIVED: CWD /
[ INFO] 2017-02-10 10:51:37,582 [anonymous] [0:0:0:0:0:0:0:1] SENT: 250 Directory changed to /

[ INFO] 2017-02-10 10:51:37,582 [anonymous] [0:0:0:0:0:0:0:1] RECEIVED: LIST
[ WARN] 2017-02-10 10:51:37,590 [anonymous] [0:0:0:0:0:0:0:1] Releasing unreserved passive port: 2699
[ INFO] 2017-02-10 10:51:37,590 [anonymous] [0:0:0:0:0:0:0:1] SENT: 150 File status okay; about to open data connection.

[ INFO] 2017-02-10 10:51:37,590 [anonymous] [0:0:0:0:0:0:0:1] SENT: 226 Closing data connection.

[ INFO] 2017-02-10 10:51:49,344 [anonymous] [0:0:0:0:0:0:0:1] RECEIVED: EPSV
[ INFO] 2017-02-10 10:51:49,344 [anonymous] [0:0:0:0:0:0:0:1] SENT: 229 Entering Passive Mode (|||2703|)

[ INFO] 2017-02-10 10:51:49,344 [anonymous] [0:0:0:0:0:0:0:1] RECEIVED: CWD /../
[ INFO] 2017-02-10 10:51:49,344 [anonymous] [0:0:0:0:0:0:0:1] SENT: 250 Directory changed to /

[ INFO] 2017-02-10 10:51:49,344 [anonymous] [0:0:0:0:0:0:0:1] RECEIVED: LIST
[ WARN] 2017-02-10 10:51:49,344 [anonymous] [0:0:0:0:0:0:0:1] Releasing unreserved passive port: 2703
[ INFO] 2017-02-10 10:51:49,344 [anonymous] [0:0:0:0:0:0:0:1] SENT: 150 File status okay; about to open data connection.

[ INFO] 2017-02-10 10:51:49,344 [anonymous] [0:0:0:0:0:0:0:1] SENT: 226 Closing data connection.

[ INFO] 2017-02-10 10:51:59,551 [anonymous] [0:0:0:0:0:0:0:1] RECEIVED: EPSV
[ INFO] 2017-02-10 10:51:59,551 [anonymous] [0:0:0:0:0:0:0:1] SENT: 229 Entering Passive Mode (|||2705|)

[ INFO] 2017-02-10 10:51:59,551 [anonymous] [0:0:0:0:0:0:0:1] RECEIVED: CWD /../../
[ INFO] 2017-02-10 10:51:59,551 [anonymous] [0:0:0:0:0:0:0:1] SENT: 250 Directory changed to /

[ INFO] 2017-02-10 10:51:59,566 [anonymous] [0:0:0:0:0:0:0:1] RECEIVED: LIST
[ WARN] 2017-02-10 10:51:59,566 [anonymous] [0:0:0:0:0:0:0:1] Releasing unreserved passive port: 2705
[ INFO] 2017-02-10 10:51:59,566 [anonymous] [0:0:0:0:0:0:0:1] SENT: 150 File status okay; about to open data connection.

[ INFO] 2017-02-10 10:51:59,566 [anonymous] [0:0:0:0:0:0:0:1] SENT: 226 Closing data connection.

[ INFO] 2017-02-10 10:52:04,919 [anonymous] [0:0:0:0:0:0:0:1] RECEIVED: EPSV
[ INFO] 2017-02-10 10:52:04,919 [anonymous] [0:0:0:0:0:0:0:1] SENT: 229 Entering Passive Mode (|||2707|)

[ INFO] 2017-02-10 10:52:04,919 [anonymous] [0:0:0:0:0:0:0:1] RECEIVED: SIZE /../../README.txt
[ INFO] 2017-02-10 10:52:04,919 [anonymous] [0:0:0:0:0:0:0:1] SENT: 213 28

[ INFO] 2017-02-10 10:52:04,919 [anonymous] [0:0:0:0:0:0:0:1] RECEIVED: MDTM /../../README.txt
[ INFO] 2017-02-10 10:52:04,919 [anonymous] [0:0:0:0:0:0:0:1] SENT: 213 20161024110422.000

[ INFO] 2017-02-10 10:52:04,919 [anonymous] [0:0:0:0:0:0:0:1] RECEIVED: RETR /../../README.txt
[ INFO] 2017-02-10 10:52:04,981 [anonymous] [0:0:0:0:0:0:0:1] File downloaded /README.txt
[ WARN] 2017-02-10 10:52:04,981 [anonymous] [0:0:0:0:0:0:0:1] Releasing unreserved passive port: 2707
[ INFO] 2017-02-10 10:52:04,981 [anonymous] [0:0:0:0:0:0:0:1] SENT: 150 File status okay; about to open data connection.

[ INFO] 2017-02-10 10:52:04,981 [anonymous] [0:0:0:0:0:0:0:1] SENT: 226 Transfer complete.

[ INFO] 2017-02-10 10:52:21,015 [anonymous] [0:0:0:0:0:0:0:1] RECEIVED: EPSV
[ INFO] 2017-02-10 10:52:21,015 [anonymous] [0:0:0:0:0:0:0:1] SENT: 229 Entering Passive Mode (|||2709|)

[ INFO] 2017-02-10 10:52:21,015 [anonymous] [0:0:0:0:0:0:0:1] RECEIVED: CWD /
[ INFO] 2017-02-10 10:52:21,015 [anonymous] [0:0:0:0:0:0:0:1] SENT: 250 Directory changed to /

[ INFO] 2017-02-10 10:52:21,015 [anonymous] [0:0:0:0:0:0:0:1] RECEIVED: LIST
[ WARN] 2017-02-10 10:52:21,015 [anonymous] [0:0:0:0:0:0:0:1] Releasing unreserved passive port: 2709
[ INFO] 2017-02-10 10:52:21,015 [anonymous] [0:0:0:0:0:0:0:1] SENT: 150 File status okay; about to open data connection.

[ INFO] 2017-02-10 10:52:21,015 [anonymous] [0:0:0:0:0:0:0:1] SENT: 226 Closing data connection.

[ INFO] 2017-02-10 10:52:36,389 [anonymous] [0:0:0:0:0:0:0:1] RECEIVED: EPSV
[ INFO] 2017-02-10 10:52:36,390 [anonymous] [0:0:0:0:0:0:0:1] SENT: 229 Entering Passive Mode (|||2712|)

[ INFO] 2017-02-10 10:52:36,391 [anonymous] [0:0:0:0:0:0:0:1] RECEIVED: SIZE /README.txt
[ INFO] 2017-02-10 10:52:36,391 [anonymous] [0:0:0:0:0:0:0:1] SENT: 213 28

[ INFO] 2017-02-10 10:52:36,392 [anonymous] [0:0:0:0:0:0:0:1] RECEIVED: MDTM /README.txt
[ INFO] 2017-02-10 10:52:36,392 [anonymous] [0:0:0:0:0:0:0:1] SENT: 213 20161024110422.000

[ INFO] 2017-02-10 10:52:36,392 [anonymous] [0:0:0:0:0:0:0:1] RECEIVED: RETR /README.txt
[ INFO] 2017-02-10 10:52:36,443 [anonymous] [0:0:0:0:0:0:0:1] File downloaded /README.txt
[ WARN] 2017-02-10 10:52:36,444 [anonymous] [0:0:0:0:0:0:0:1] Releasing unreserved passive port: 2712
[ INFO] 2017-02-10 10:52:36,444 [anonymous] [0:0:0:0:0:0:0:1] SENT: 150 File status okay; about to open data connection.

[ INFO] 2017-02-10 10:52:36,444 [anonymous] [0:0:0:0:0:0:0:1] SENT: 226 Transfer complete.

[ INFO] 2017-02-10 10:52:42,175 [anonymous] [0:0:0:0:0:0:0:1] RECEIVED: EPSV
[ INFO] 2017-02-10 10:52:42,175 [anonymous] [0:0:0:0:0:0:0:1] SENT: 229 Entering Passive Mode (|||2714|)

[ INFO] 2017-02-10 10:52:42,175 [anonymous] [0:0:0:0:0:0:0:1] RECEIVED: SIZE /README.txt
[ INFO] 2017-02-10 10:52:42,175 [anonymous] [0:0:0:0:0:0:0:1] SENT: 213 28

[ INFO] 2017-02-10 10:52:42,175 [anonymous] [0:0:0:0:0:0:0:1] RECEIVED: MDTM /README.txt
[ INFO] 2017-02-10 10:52:42,175 [anonymous] [0:0:0:0:0:0:0:1] SENT: 213 20161024110422.000

[ INFO] 2017-02-10 10:52:42,175 [anonymous] [0:0:0:0:0:0:0:1] RECEIVED: RETR /README.txt
[ INFO] 2017-02-10 10:52:42,238 [anonymous] [0:0:0:0:0:0:0:1] File downloaded /README.txt
[ WARN] 2017-02-10 10:52:42,238 [anonymous] [0:0:0:0:0:0:0:1] Releasing unreserved passive port: 2714
[ INFO] 2017-02-10 10:52:42,238 [anonymous] [0:0:0:0:0:0:0:1] SENT: 150 File status okay; about to open data connection.

[ INFO] 2017-02-10 10:52:42,238 [anonymous] [0:0:0:0:0:0:0:1] SENT: 226 Transfer complete.

[ INFO] 2017-02-10 10:54:38,511 [anonymous] [0:0:0:0:0:0:0:1] RECEIVED: EPSV
[ INFO] 2017-02-10 10:54:38,511 [anonymous] [0:0:0:0:0:0:0:1] SENT: 229 Entering Passive Mode (|||2726|)

[ INFO] 2017-02-10 10:54:38,511 [anonymous] [0:0:0:0:0:0:0:1] RECEIVED: SIZE /brette
[ INFO] 2017-02-10 10:54:38,511 [anonymous] [0:0:0:0:0:0:0:1] SENT: 550 /brette: Not a plain file.

[ INFO] 2017-02-10 10:54:38,511 [anonymous] [0:0:0:0:0:0:0:1] RECEIVED: MDTM /brette
[ INFO] 2017-02-10 10:54:38,511 [anonymous] [0:0:0:0:0:0:0:1] SENT: 213 20170210095356.712

[ INFO] 2017-02-10 10:54:38,511 [anonymous] [0:0:0:0:0:0:0:1] RECEIVED: RETR /brette
[ WARN] 2017-02-10 10:54:38,511 [anonymous] [0:0:0:0:0:0:0:1] Releasing unreserved passive port: 2726
[ INFO] 2017-02-10 10:54:38,511 [anonymous] [0:0:0:0:0:0:0:1] SENT: 550 /brette: Not a plain file.

[ INFO] 2017-02-10 10:54:38,511 [anonymous] [0:0:0:0:0:0:0:1] RECEIVED: EPSV
[ INFO] 2017-02-10 10:54:38,511 [anonymous] [0:0:0:0:0:0:0:1] SENT: 229 Entering Passive Mode (|||2728|)

[ INFO] 2017-02-10 10:54:38,511 [anonymous] [0:0:0:0:0:0:0:1] RECEIVED: CWD /brette
[ INFO] 2017-02-10 10:54:38,511 [anonymous] [0:0:0:0:0:0:0:1] SENT: 250 Directory changed to /brette

[ INFO] 2017-02-10 10:54:38,511 [anonymous] [0:0:0:0:0:0:0:1] RECEIVED: LIST
[ WARN] 2017-02-10 10:54:38,511 [anonymous] [0:0:0:0:0:0:0:1] Releasing unreserved passive port: 2728
[ INFO] 2017-02-10 10:54:38,527 [anonymous] [0:0:0:0:0:0:0:1] SENT: 150 File status okay; about to open data connection.

[ INFO] 2017-02-10 10:54:38,527 [anonymous] [0:0:0:0:0:0:0:1] SENT: 226 Closing data connection.

[ INFO] 2017-02-10 10:54:41,421 [anonymous] [0:0:0:0:0:0:0:1] RECEIVED: EPSV
[ INFO] 2017-02-10 10:54:41,421 [anonymous] [0:0:0:0:0:0:0:1] SENT: 229 Entering Passive Mode (|||2730|)

[ INFO] 2017-02-10 10:54:41,437 [anonymous] [0:0:0:0:0:0:0:1] RECEIVED: SIZE /brette/README.txt
[ INFO] 2017-02-10 10:54:41,437 [anonymous] [0:0:0:0:0:0:0:1] SENT: 213 11

[ INFO] 2017-02-10 10:54:41,437 [anonymous] [0:0:0:0:0:0:0:1] RECEIVED: MDTM /brette/README.txt
[ INFO] 2017-02-10 10:54:41,437 [anonymous] [0:0:0:0:0:0:0:1] SENT: 213 20170210095429.067

[ INFO] 2017-02-10 10:54:41,437 [anonymous] [0:0:0:0:0:0:0:1] RECEIVED: RETR /brette/README.txt
[ INFO] 2017-02-10 10:54:41,499 [anonymous] [0:0:0:0:0:0:0:1] File downloaded /brette/README.txt
[ WARN] 2017-02-10 10:54:41,499 [anonymous] [0:0:0:0:0:0:0:1] Releasing unreserved passive port: 2730
[ INFO] 2017-02-10 10:54:41,499 [anonymous] [0:0:0:0:0:0:0:1] SENT: 150 File status okay; about to open data connection.

[ INFO] 2017-02-10 10:54:41,499 [anonymous] [0:0:0:0:0:0:0:1] SENT: 226 Transfer complete.

[ INFO] 2017-02-10 10:54:52,810 [anonymous] [0:0:0:0:0:0:0:1] RECEIVED: EPSV
[ INFO] 2017-02-10 10:54:52,810 [anonymous] [0:0:0:0:0:0:0:1] SENT: 229 Entering Passive Mode (|||2732|)

[ INFO] 2017-02-10 10:54:52,810 [anonymous] [0:0:0:0:0:0:0:1] RECEIVED: SIZE /brette/readme.txt
[ INFO] 2017-02-10 10:54:52,810 [anonymous] [0:0:0:0:0:0:0:1] SENT: 213 11

[ INFO] 2017-02-10 10:54:52,810 [anonymous] [0:0:0:0:0:0:0:1] RECEIVED: MDTM /brette/readme.txt
[ INFO] 2017-02-10 10:54:52,810 [anonymous] [0:0:0:0:0:0:0:1] SENT: 213 20170210095429.067

[ INFO] 2017-02-10 10:54:52,810 [anonymous] [0:0:0:0:0:0:0:1] RECEIVED: RETR /brette/readme.txt
[ INFO] 2017-02-10 10:54:52,888 [anonymous] [0:0:0:0:0:0:0:1] File downloaded /brette/readme.txt
[ WARN] 2017-02-10 10:54:52,888 [anonymous] [0:0:0:0:0:0:0:1] Releasing unreserved passive port: 2732
[ INFO] 2017-02-10 10:54:52,888 [anonymous] [0:0:0:0:0:0:0:1] SENT: 150 File status okay; about to open data connection.

[ INFO] 2017-02-10 10:54:52,888 [anonymous] [0:0:0:0:0:0:0:1] SENT: 226 Transfer complete.

[ INFO] 2017-02-10 10:58:18,617 [] [172.19.35.38] CREATED
[ INFO] 2017-02-10 10:58:18,617 [] [172.19.35.38] OPENED
[ INFO] 2017-02-10 10:58:18,617 [] [172.19.35.38] SENT: 220 Service ready for new user.

[ INFO] 2017-02-10 10:58:18,617 [] [172.19.35.38] RECEIVED: USER anonymous
[ INFO] 2017-02-10 10:58:18,617 [anonymous] [172.19.35.38] SENT: 331 Guest login okay, send your complete e-mail address as password.

[ INFO] 2017-02-10 10:58:18,617 [anonymous] [172.19.35.38] RECEIVED: PASS *****
[ INFO] 2017-02-10 10:58:18,617 [anonymous] [172.19.35.38] Anonymous login success - mozilla@example.com
[ INFO] 2017-02-10 10:58:18,617 [anonymous] [172.19.35.38] SENT: 230 User logged in, proceed.

[ INFO] 2017-02-10 10:58:18,617 [anonymous] [172.19.35.38] RECEIVED: SYST
[ INFO] 2017-02-10 10:58:18,617 [anonymous] [172.19.35.38] SENT: 215 UNIX Type: Apache FtpServer

[ INFO] 2017-02-10 10:58:18,617 [anonymous] [172.19.35.38] RECEIVED: FEAT
[ INFO] 2017-02-10 10:58:18,617 [anonymous] [172.19.35.38] SENT: 211-Extensions supported
 SIZE
 MDTM
 REST STREAM
 LANG en;zh-tw;ja;is
 MLST Size;Modify;Type;Perm
 AUTH SSL
 AUTH TLS
 MODE Z
 UTF8
 TVFS
 MD5
 MMD5
 MFMT
211 End

[ INFO] 2017-02-10 10:58:18,617 [anonymous] [172.19.35.38] RECEIVED: OPTS UTF8 ON
[ INFO] 2017-02-10 10:58:18,617 [anonymous] [172.19.35.38] SENT: 200 Command OPTS okay.

[ INFO] 2017-02-10 10:58:18,617 [anonymous] [172.19.35.38] RECEIVED: PWD
[ INFO] 2017-02-10 10:58:18,617 [anonymous] [172.19.35.38] SENT: 257 "/" is current directory.

[ INFO] 2017-02-10 10:58:18,617 [anonymous] [172.19.35.38] RECEIVED: TYPE I
[ INFO] 2017-02-10 10:58:18,617 [anonymous] [172.19.35.38] SENT: 200 Command TYPE okay.

[ INFO] 2017-02-10 10:58:18,617 [anonymous] [172.19.35.38] RECEIVED: PASV
[ INFO] 2017-02-10 10:58:18,617 [anonymous] [172.19.35.38] SENT: 227 Entering Passive Mode (172,19,34,124,10,215)

[ INFO] 2017-02-10 10:58:18,617 [anonymous] [172.19.35.38] RECEIVED: SIZE /brette/readme.txt
[ INFO] 2017-02-10 10:58:18,617 [anonymous] [172.19.35.38] SENT: 213 11

[ INFO] 2017-02-10 10:58:18,617 [anonymous] [172.19.35.38] RECEIVED: MDTM /brette/readme.txt
[ INFO] 2017-02-10 10:58:18,617 [anonymous] [172.19.35.38] SENT: 213 20170210095429.067

[ INFO] 2017-02-10 10:58:18,617 [anonymous] [172.19.35.38] RECEIVED: RETR /brette/readme.txt
[ INFO] 2017-02-10 10:58:18,680 [anonymous] [172.19.35.38] File downloaded /brette/readme.txt
[ WARN] 2017-02-10 10:58:18,680 [anonymous] [172.19.35.38] Releasing unreserved passive port: 2775
[ INFO] 2017-02-10 10:58:18,680 [anonymous] [172.19.35.38] SENT: 150 File status okay; about to open data connection.

[ INFO] 2017-02-10 10:58:18,680 [anonymous] [172.19.35.38] SENT: 226 Transfer complete.

[ INFO] 2017-02-10 10:58:26,274 [anonymous] [172.19.35.38] CLOSED
[ INFO] 2017-02-10 10:59:52,911 [anonymous] [0:0:0:0:0:0:0:1] CLOSED
[ INFO] 2017-02-10 11:52:13,155 [] [] Refreshing org.springframework.context.support.FileSystemXmlApplicationContext@deb6432: display name [org.springframework.context.support.FileSystemXmlApplicationContext@deb6432]; startup date [Fri Feb 10 11:52:13 CET 2017]; root of context hierarchy
[ INFO] 2017-02-10 11:52:13,187 [] [] Loading XML bean definitions from file [C:\Users\brette\Desktop\apache-ftpserver-1.1.0\res\conf\ftpd-typical.xml]
[ INFO] 2017-02-10 11:52:13,405 [] [] Bean factory for application context [org.springframework.context.support.FileSystemXmlApplicationContext@deb6432]: org.springframework.beans.factory.support.DefaultListableBeanFactory@2d3fcdbd
[ INFO] 2017-02-10 11:52:13,405 [] [] Pre-instantiating singletons in org.springframework.beans.factory.support.DefaultListableBeanFactory@2d3fcdbd: defining beans [org.apache.ftpserver.listener.ListenerFactory#0,org.apache.ftpserver.usermanager.PropertiesUserManagerFactory#0,org.apache.ftpserver.FtpServerFactory#0,myServer]; root of factory hierarchy
[ INFO] 2017-02-10 11:52:13,546 [] [] FTP server started
[ INFO] 2017-02-10 11:53:21,648 [] [0:0:0:0:0:0:0:1] CREATED
[ INFO] 2017-02-10 11:53:21,648 [] [0:0:0:0:0:0:0:1] OPENED
[ INFO] 2017-02-10 11:53:21,648 [] [0:0:0:0:0:0:0:1] SENT: 220 Service ready for new user.

[ INFO] 2017-02-10 11:53:21,648 [] [0:0:0:0:0:0:0:1] RECEIVED: USER anonymous
[ INFO] 2017-02-10 11:53:21,664 [anonymous] [0:0:0:0:0:0:0:1] SENT: 331 Guest login okay, send your complete e-mail address as password.

[ INFO] 2017-02-10 11:53:21,664 [anonymous] [0:0:0:0:0:0:0:1] RECEIVED: PASS *****
[ INFO] 2017-02-10 11:53:21,669 [anonymous] [0:0:0:0:0:0:0:1] Anonymous login success - mozilla@example.com
[ INFO] 2017-02-10 11:53:21,670 [anonymous] [0:0:0:0:0:0:0:1] SENT: 230 User logged in, proceed.

[ INFO] 2017-02-10 11:53:21,674 [anonymous] [0:0:0:0:0:0:0:1] RECEIVED: SYST
[ INFO] 2017-02-10 11:53:21,675 [anonymous] [0:0:0:0:0:0:0:1] SENT: 215 UNIX Type: Apache FtpServer

[ INFO] 2017-02-10 11:53:21,677 [anonymous] [0:0:0:0:0:0:0:1] RECEIVED: FEAT
[ INFO] 2017-02-10 11:53:21,678 [anonymous] [0:0:0:0:0:0:0:1] SENT: 211-Extensions supported
 SIZE
 MDTM
 REST STREAM
 LANG en;zh-tw;ja;is
 MLST Size;Modify;Type;Perm
 AUTH SSL
 AUTH TLS
 MODE Z
 UTF8
 TVFS
 MD5
 MMD5
 MFMT
211 End

[ INFO] 2017-02-10 11:53:21,678 [anonymous] [0:0:0:0:0:0:0:1] RECEIVED: OPTS UTF8 ON
[ INFO] 2017-02-10 11:53:21,678 [anonymous] [0:0:0:0:0:0:0:1] SENT: 200 Command OPTS okay.

[ INFO] 2017-02-10 11:53:21,678 [anonymous] [0:0:0:0:0:0:0:1] RECEIVED: PWD
[ INFO] 2017-02-10 11:53:21,680 [anonymous] [0:0:0:0:0:0:0:1] SENT: 257 "/" is current directory.

[ INFO] 2017-02-10 11:53:21,680 [anonymous] [0:0:0:0:0:0:0:1] RECEIVED: TYPE I
[ INFO] 2017-02-10 11:53:21,681 [anonymous] [0:0:0:0:0:0:0:1] SENT: 200 Command TYPE okay.

[ INFO] 2017-02-10 11:53:21,682 [anonymous] [0:0:0:0:0:0:0:1] RECEIVED: EPSV
[ INFO] 2017-02-10 11:53:21,685 [anonymous] [0:0:0:0:0:0:0:1] SENT: 229 Entering Passive Mode (|||3278|)

[ INFO] 2017-02-10 11:53:21,689 [anonymous] [0:0:0:0:0:0:0:1] RECEIVED: SIZE /brette/readme.txt
[ INFO] 2017-02-10 11:53:21,690 [anonymous] [0:0:0:0:0:0:0:1] SENT: 550 /brette/readme.txt: No such file or directory.

[ INFO] 2017-02-10 11:53:21,690 [anonymous] [0:0:0:0:0:0:0:1] RECEIVED: MDTM /brette/readme.txt
[ INFO] 2017-02-10 11:53:21,691 [anonymous] [0:0:0:0:0:0:0:1] SENT: 550 File /brette/readme.txt unavailable.

[ INFO] 2017-02-10 11:53:21,691 [anonymous] [0:0:0:0:0:0:0:1] RECEIVED: RETR /brette/readme.txt
[ WARN] 2017-02-10 11:53:21,693 [anonymous] [0:0:0:0:0:0:0:1] Releasing unreserved passive port: 3278
[ INFO] 2017-02-10 11:53:21,693 [anonymous] [0:0:0:0:0:0:0:1] SENT: 550 /brette/readme.txt: No such file or directory.

[ INFO] 2017-02-10 11:53:21,693 [anonymous] [0:0:0:0:0:0:0:1] RECEIVED: EPSV
[ INFO] 2017-02-10 11:53:21,694 [anonymous] [0:0:0:0:0:0:0:1] SENT: 229 Entering Passive Mode (|||3280|)

[ INFO] 2017-02-10 11:53:21,694 [anonymous] [0:0:0:0:0:0:0:1] RECEIVED: CWD /brette/readme.txt
[ INFO] 2017-02-10 11:53:21,695 [anonymous] [0:0:0:0:0:0:0:1] SENT: 550 No such directory.

[ INFO] 2017-02-10 11:53:21,696 [anonymous] [0:0:0:0:0:0:0:1] CLOSED
[ WARN] 2017-02-10 11:53:21,696 [anonymous] [0:0:0:0:0:0:0:1] Releasing unreserved passive port: 3280
[ INFO] 2017-02-10 11:54:00,593 [] [0:0:0:0:0:0:0:1] CREATED
[ INFO] 2017-02-10 11:54:00,593 [] [0:0:0:0:0:0:0:1] OPENED
[ INFO] 2017-02-10 11:54:00,593 [] [0:0:0:0:0:0:0:1] SENT: 220 Service ready for new user.

[ INFO] 2017-02-10 11:54:00,593 [] [0:0:0:0:0:0:0:1] RECEIVED: USER anonymous
[ INFO] 2017-02-10 11:54:00,593 [anonymous] [0:0:0:0:0:0:0:1] SENT: 331 Guest login okay, send your complete e-mail address as password.

[ INFO] 2017-02-10 11:54:00,608 [anonymous] [0:0:0:0:0:0:0:1] RECEIVED: PASS *****
[ INFO] 2017-02-10 11:54:00,608 [anonymous] [0:0:0:0:0:0:0:1] Anonymous login success - mozilla@example.com
[ INFO] 2017-02-10 11:54:00,608 [anonymous] [0:0:0:0:0:0:0:1] SENT: 230 User logged in, proceed.

[ INFO] 2017-02-10 11:54:00,608 [anonymous] [0:0:0:0:0:0:0:1] RECEIVED: SYST
[ INFO] 2017-02-10 11:54:00,608 [anonymous] [0:0:0:0:0:0:0:1] SENT: 215 UNIX Type: Apache FtpServer

[ INFO] 2017-02-10 11:54:00,608 [anonymous] [0:0:0:0:0:0:0:1] RECEIVED: FEAT
[ INFO] 2017-02-10 11:54:00,608 [anonymous] [0:0:0:0:0:0:0:1] SENT: 211-Extensions supported
 SIZE
 MDTM
 REST STREAM
 LANG en;zh-tw;ja;is
 MLST Size;Modify;Type;Perm
 AUTH SSL
 AUTH TLS
 MODE Z
 UTF8
 TVFS
 MD5
 MMD5
 MFMT
211 End

[ INFO] 2017-02-10 11:54:00,608 [anonymous] [0:0:0:0:0:0:0:1] RECEIVED: OPTS UTF8 ON
[ INFO] 2017-02-10 11:54:00,608 [anonymous] [0:0:0:0:0:0:0:1] SENT: 200 Command OPTS okay.

[ INFO] 2017-02-10 11:54:00,608 [anonymous] [0:0:0:0:0:0:0:1] RECEIVED: PWD
[ INFO] 2017-02-10 11:54:00,608 [anonymous] [0:0:0:0:0:0:0:1] SENT: 257 "/" is current directory.

[ INFO] 2017-02-10 11:54:00,608 [anonymous] [0:0:0:0:0:0:0:1] RECEIVED: TYPE I
[ INFO] 2017-02-10 11:54:00,608 [anonymous] [0:0:0:0:0:0:0:1] SENT: 200 Command TYPE okay.

[ INFO] 2017-02-10 11:54:00,608 [anonymous] [0:0:0:0:0:0:0:1] RECEIVED: EPSV
[ INFO] 2017-02-10 11:54:00,608 [anonymous] [0:0:0:0:0:0:0:1] SENT: 229 Entering Passive Mode (|||3285|)

[ INFO] 2017-02-10 11:54:00,608 [anonymous] [0:0:0:0:0:0:0:1] RECEIVED: SIZE /texte/bonjour.txt
[ INFO] 2017-02-10 11:54:00,608 [anonymous] [0:0:0:0:0:0:0:1] SENT: 213 11

[ INFO] 2017-02-10 11:54:00,608 [anonymous] [0:0:0:0:0:0:0:1] RECEIVED: MDTM /texte/bonjour.txt
[ INFO] 2017-02-10 11:54:00,608 [anonymous] [0:0:0:0:0:0:0:1] SENT: 213 20170210095429.067

[ INFO] 2017-02-10 11:54:00,608 [anonymous] [0:0:0:0:0:0:0:1] RECEIVED: RETR /texte/bonjour.txt
[ INFO] 2017-02-10 11:54:00,671 [anonymous] [0:0:0:0:0:0:0:1] File downloaded /texte/bonjour.txt
[ WARN] 2017-02-10 11:54:00,671 [anonymous] [0:0:0:0:0:0:0:1] Releasing unreserved passive port: 3285
[ INFO] 2017-02-10 11:54:00,671 [anonymous] [0:0:0:0:0:0:0:1] SENT: 150 File status okay; about to open data connection.

[ INFO] 2017-02-10 11:54:00,671 [anonymous] [0:0:0:0:0:0:0:1] SENT: 226 Transfer complete.

[ INFO] 2017-02-10 11:54:34,056 [anonymous] [0:0:0:0:0:0:0:1] RECEIVED: EPSV
[ INFO] 2017-02-10 11:54:34,056 [anonymous] [0:0:0:0:0:0:0:1] SENT: 229 Entering Passive Mode (|||3288|)

[ INFO] 2017-02-10 11:54:34,056 [anonymous] [0:0:0:0:0:0:0:1] RECEIVED: SIZE /texte/bonjour.txt
[ INFO] 2017-02-10 11:54:34,056 [anonymous] [0:0:0:0:0:0:0:1] SENT: 213 24

[ INFO] 2017-02-10 11:54:34,056 [anonymous] [0:0:0:0:0:0:0:1] RECEIVED: MDTM /texte/bonjour.txt
[ INFO] 2017-02-10 11:54:34,056 [anonymous] [0:0:0:0:0:0:0:1] SENT: 213 20170210105431.255

[ INFO] 2017-02-10 11:54:34,056 [anonymous] [0:0:0:0:0:0:0:1] RECEIVED: RETR /texte/bonjour.txt
[ INFO] 2017-02-10 11:54:34,119 [anonymous] [0:0:0:0:0:0:0:1] File downloaded /texte/bonjour.txt
[ WARN] 2017-02-10 11:54:34,119 [anonymous] [0:0:0:0:0:0:0:1] Releasing unreserved passive port: 3288
[ INFO] 2017-02-10 11:54:34,119 [anonymous] [0:0:0:0:0:0:0:1] SENT: 150 File status okay; about to open data connection.

[ INFO] 2017-02-10 11:54:34,119 [anonymous] [0:0:0:0:0:0:0:1] SENT: 226 Transfer complete.

[ INFO] 2017-02-10 11:59:34,129 [anonymous] [0:0:0:0:0:0:0:1] CLOSED
[ INFO] 2018-06-07 15:01:20,430 [] [] Refreshing org.springframework.context.support.FileSystemXmlApplicationContext@694f9431: display name [org.springframework.context.support.FileSystemXmlApplicationContext@694f9431]; startup date [Thu Jun 07 15:01:20 CEST 2018]; root of context hierarchy
[ INFO] 2018-06-07 15:01:20,549 [] [] Loading XML bean definitions from file [Z:\apache-ftpserver-1.1.0\res\conf\ftpd-typical.xml]
[ INFO] 2018-06-07 15:01:21,073 [] [] Bean factory for application context [org.springframework.context.support.FileSystemXmlApplicationContext@694f9431]: org.springframework.beans.factory.support.DefaultListableBeanFactory@2a5ca609
[ INFO] 2018-06-07 15:01:21,114 [] [] Pre-instantiating singletons in org.springframework.beans.factory.support.DefaultListableBeanFactory@2a5ca609: defining beans [org.apache.ftpserver.listener.ListenerFactory#0,org.apache.ftpserver.usermanager.PropertiesUserManagerFactory#0,org.apache.ftpserver.FtpServerFactory#0,myServer]; root of factory hierarchy
[ INFO] 2018-06-07 15:01:21,475 [] [] FTP server started
[ INFO] 2018-06-07 15:04:03,471 [] [0:0:0:0:0:0:0:1] CREATED
[ INFO] 2018-06-07 15:04:03,480 [] [0:0:0:0:0:0:0:1] OPENED
[ INFO] 2018-06-07 15:04:03,505 [] [0:0:0:0:0:0:0:1] SENT: 220 Service ready for new user.

[ INFO] 2018-06-07 15:04:03,509 [] [0:0:0:0:0:0:0:1] RECEIVED: USER anonymous
[ INFO] 2018-06-07 15:04:03,515 [anonymous] [0:0:0:0:0:0:0:1] SENT: 331 Guest login okay, send your complete e-mail address as password.

[ INFO] 2018-06-07 15:04:03,515 [anonymous] [0:0:0:0:0:0:0:1] RECEIVED: PASS *****
[ INFO] 2018-06-07 15:04:03,552 [anonymous] [0:0:0:0:0:0:0:1] Anonymous login success - mozilla@example.com
[ INFO] 2018-06-07 15:04:03,553 [anonymous] [0:0:0:0:0:0:0:1] SENT: 230 User logged in, proceed.

[ INFO] 2018-06-07 15:04:03,590 [anonymous] [0:0:0:0:0:0:0:1] RECEIVED: SYST
[ INFO] 2018-06-07 15:04:03,591 [anonymous] [0:0:0:0:0:0:0:1] SENT: 215 UNIX Type: Apache FtpServer

[ INFO] 2018-06-07 15:04:03,596 [anonymous] [0:0:0:0:0:0:0:1] RECEIVED: FEAT
[ INFO] 2018-06-07 15:04:03,597 [anonymous] [0:0:0:0:0:0:0:1] SENT: 211-Extensions supported
 SIZE
 MDTM
 REST STREAM
 LANG en;zh-tw;ja;is
 MLST Size;Modify;Type;Perm
 AUTH SSL
 AUTH TLS
 MODE Z
 UTF8
 TVFS
 MD5
 MMD5
 MFMT
211 End

[ INFO] 2018-06-07 15:04:03,605 [anonymous] [0:0:0:0:0:0:0:1] RECEIVED: OPTS UTF8 ON
[ INFO] 2018-06-07 15:04:03,607 [anonymous] [0:0:0:0:0:0:0:1] SENT: 200 Command OPTS okay.

[ INFO] 2018-06-07 15:04:03,609 [anonymous] [0:0:0:0:0:0:0:1] RECEIVED: PWD
[ INFO] 2018-06-07 15:04:03,614 [anonymous] [0:0:0:0:0:0:0:1] SENT: 257 "/" is current directory.

[ INFO] 2018-06-07 15:04:03,615 [anonymous] [0:0:0:0:0:0:0:1] RECEIVED: TYPE I
[ INFO] 2018-06-07 15:04:03,618 [anonymous] [0:0:0:0:0:0:0:1] SENT: 200 Command TYPE okay.

[ INFO] 2018-06-07 15:04:03,634 [anonymous] [0:0:0:0:0:0:0:1] RECEIVED: EPSV
[ INFO] 2018-06-07 15:04:03,650 [anonymous] [0:0:0:0:0:0:0:1] SENT: 229 Entering Passive Mode (|||64773|)

[ INFO] 2018-06-07 15:04:03,660 [anonymous] [0:0:0:0:0:0:0:1] RECEIVED: SIZE /texte/essai.txt
[ INFO] 2018-06-07 15:04:03,661 [anonymous] [0:0:0:0:0:0:0:1] SENT: 550 /texte/essai.txt: No such file or directory.

[ INFO] 2018-06-07 15:04:03,663 [anonymous] [0:0:0:0:0:0:0:1] RECEIVED: MDTM /texte/essai.txt
[ INFO] 2018-06-07 15:04:03,665 [anonymous] [0:0:0:0:0:0:0:1] SENT: 550 File /texte/essai.txt unavailable.

[ INFO] 2018-06-07 15:04:03,666 [anonymous] [0:0:0:0:0:0:0:1] RECEIVED: RETR /texte/essai.txt
[ WARN] 2018-06-07 15:04:03,672 [anonymous] [0:0:0:0:0:0:0:1] Releasing unreserved passive port: 64773
[ INFO] 2018-06-07 15:04:03,672 [anonymous] [0:0:0:0:0:0:0:1] SENT: 550 /texte/essai.txt: No such file or directory.

[ INFO] 2018-06-07 15:04:03,674 [anonymous] [0:0:0:0:0:0:0:1] RECEIVED: EPSV
[ INFO] 2018-06-07 15:04:03,675 [anonymous] [0:0:0:0:0:0:0:1] SENT: 229 Entering Passive Mode (|||64780|)

[ INFO] 2018-06-07 15:04:03,676 [anonymous] [0:0:0:0:0:0:0:1] RECEIVED: CWD /texte/essai.txt
[ INFO] 2018-06-07 15:04:03,679 [anonymous] [0:0:0:0:0:0:0:1] SENT: 550 No such directory.

[ INFO] 2018-06-07 15:04:03,679 [anonymous] [0:0:0:0:0:0:0:1] CLOSED
[ WARN] 2018-06-07 15:04:03,680 [anonymous] [0:0:0:0:0:0:0:1] Releasing unreserved passive port: 64780
[ INFO] 2018-06-07 15:04:28,114 [] [0:0:0:0:0:0:0:1] CREATED
[ INFO] 2018-06-07 15:04:28,114 [] [0:0:0:0:0:0:0:1] OPENED
[ INFO] 2018-06-07 15:04:28,115 [] [0:0:0:0:0:0:0:1] SENT: 220 Service ready for new user.

[ INFO] 2018-06-07 15:04:28,116 [] [0:0:0:0:0:0:0:1] RECEIVED: USER anonymous
[ INFO] 2018-06-07 15:04:28,117 [anonymous] [0:0:0:0:0:0:0:1] SENT: 331 Guest login okay, send your complete e-mail address as password.

[ INFO] 2018-06-07 15:04:28,118 [anonymous] [0:0:0:0:0:0:0:1] RECEIVED: PASS *****
[ INFO] 2018-06-07 15:04:28,118 [anonymous] [0:0:0:0:0:0:0:1] Anonymous login success - mozilla@example.com
[ INFO] 2018-06-07 15:04:28,119 [anonymous] [0:0:0:0:0:0:0:1] SENT: 230 User logged in, proceed.

[ INFO] 2018-06-07 15:04:28,119 [anonymous] [0:0:0:0:0:0:0:1] RECEIVED: SYST
[ INFO] 2018-06-07 15:04:28,119 [anonymous] [0:0:0:0:0:0:0:1] SENT: 215 UNIX Type: Apache FtpServer

[ INFO] 2018-06-07 15:04:28,120 [anonymous] [0:0:0:0:0:0:0:1] RECEIVED: FEAT
[ INFO] 2018-06-07 15:04:28,121 [anonymous] [0:0:0:0:0:0:0:1] SENT: 211-Extensions supported
 SIZE
 MDTM
 REST STREAM
 LANG en;zh-tw;ja;is
 MLST Size;Modify;Type;Perm
 AUTH SSL
 AUTH TLS
 MODE Z
 UTF8
 TVFS
 MD5
 MMD5
 MFMT
211 End

[ INFO] 2018-06-07 15:04:28,121 [anonymous] [0:0:0:0:0:0:0:1] RECEIVED: OPTS UTF8 ON
[ INFO] 2018-06-07 15:04:28,122 [anonymous] [0:0:0:0:0:0:0:1] SENT: 200 Command OPTS okay.

[ INFO] 2018-06-07 15:04:28,122 [anonymous] [0:0:0:0:0:0:0:1] RECEIVED: PWD
[ INFO] 2018-06-07 15:04:28,123 [anonymous] [0:0:0:0:0:0:0:1] SENT: 257 "/" is current directory.

[ INFO] 2018-06-07 15:04:28,123 [anonymous] [0:0:0:0:0:0:0:1] RECEIVED: TYPE I
[ INFO] 2018-06-07 15:04:28,124 [anonymous] [0:0:0:0:0:0:0:1] SENT: 200 Command TYPE okay.

[ INFO] 2018-06-07 15:04:28,124 [anonymous] [0:0:0:0:0:0:0:1] RECEIVED: EPSV
[ INFO] 2018-06-07 15:04:28,126 [anonymous] [0:0:0:0:0:0:0:1] SENT: 229 Entering Passive Mode (|||64786|)

[ INFO] 2018-06-07 15:04:28,128 [anonymous] [0:0:0:0:0:0:0:1] RECEIVED: CWD /
[ INFO] 2018-06-07 15:04:28,130 [anonymous] [0:0:0:0:0:0:0:1] SENT: 250 Directory changed to /

[ INFO] 2018-06-07 15:04:28,130 [anonymous] [0:0:0:0:0:0:0:1] RECEIVED: LIST
[ WARN] 2018-06-07 15:04:28,149 [anonymous] [0:0:0:0:0:0:0:1] Releasing unreserved passive port: 64786
[ INFO] 2018-06-07 15:04:28,150 [anonymous] [0:0:0:0:0:0:0:1] SENT: 150 File status okay; about to open data connection.

[ INFO] 2018-06-07 15:04:28,150 [anonymous] [0:0:0:0:0:0:0:1] SENT: 226 Closing data connection.

[ INFO] 2018-06-07 15:04:37,836 [anonymous] [0:0:0:0:0:0:0:1] RECEIVED: EPSV
[ INFO] 2018-06-07 15:04:37,837 [anonymous] [0:0:0:0:0:0:0:1] SENT: 229 Entering Passive Mode (|||64788|)

[ INFO] 2018-06-07 15:04:37,838 [anonymous] [0:0:0:0:0:0:0:1] RECEIVED: CWD /texte/
[ INFO] 2018-06-07 15:04:37,840 [anonymous] [0:0:0:0:0:0:0:1] RECEIVED: LIST
[ WARN] 2018-06-07 15:04:37,845 [anonymous] [0:0:0:0:0:0:0:1] Releasing unreserved passive port: 64788
[ INFO] 2018-06-07 15:04:37,846 [anonymous] [0:0:0:0:0:0:0:1] SENT: 250 Directory changed to /texte

[ INFO] 2018-06-07 15:04:37,847 [anonymous] [0:0:0:0:0:0:0:1] SENT: 150 File status okay; about to open data connection.

[ INFO] 2018-06-07 15:04:37,848 [anonymous] [0:0:0:0:0:0:0:1] SENT: 226 Closing data connection.

[ INFO] 2018-06-07 15:04:38,446 [anonymous] [0:0:0:0:0:0:0:1] RECEIVED: EPSV
[ INFO] 2018-06-07 15:04:38,447 [anonymous] [0:0:0:0:0:0:0:1] SENT: 229 Entering Passive Mode (|||64790|)

[ INFO] 2018-06-07 15:04:38,447 [anonymous] [0:0:0:0:0:0:0:1] RECEIVED: SIZE /texte/bonjour.txt
[ INFO] 2018-06-07 15:04:38,449 [anonymous] [0:0:0:0:0:0:0:1] SENT: 213 24

[ INFO] 2018-06-07 15:04:38,449 [anonymous] [0:0:0:0:0:0:0:1] RECEIVED: MDTM /texte/bonjour.txt
[ INFO] 2018-06-07 15:04:38,451 [anonymous] [0:0:0:0:0:0:0:1] SENT: 213 20170210105432.000

[ INFO] 2018-06-07 15:04:38,451 [anonymous] [0:0:0:0:0:0:0:1] RECEIVED: RETR /texte/bonjour.txt
[ INFO] 2018-06-07 15:04:38,507 [anonymous] [0:0:0:0:0:0:0:1] File downloaded /texte/bonjour.txt
[ WARN] 2018-06-07 15:04:38,509 [anonymous] [0:0:0:0:0:0:0:1] Releasing unreserved passive port: 64790
[ INFO] 2018-06-07 15:04:38,510 [anonymous] [0:0:0:0:0:0:0:1] SENT: 150 File status okay; about to open data connection.

[ INFO] 2018-06-07 15:04:38,510 [anonymous] [0:0:0:0:0:0:0:1] SENT: 226 Transfer complete.

