2018-06-07 14:22:29,676 [Worker-0] INFO  c.g.t.t.d.PublishedGradleVersions - Gradle version information cache is up-to-date. Trying to read.
2018-06-07 14:51:11,123 [Safe X3 Studio HTTP server] INFO  org.eclipse.jetty.util.log - Logging initialized @1752987ms
2018-06-07 14:51:11,557 [Safe X3 Studio HTTP server] INFO  org.eclipse.jetty.server.Server - jetty-9.3.9.v20160517
2018-06-07 14:51:11,815 [Safe X3 Studio HTTP server] INFO  o.e.j.server.handler.ContextHandler - Started o.e.j.s.ServletContextHandler@7daa4345{/,null,AVAILABLE}
2018-06-07 14:51:11,856 [Safe X3 Studio HTTP server] INFO  o.e.jetty.server.AbstractConnector - Started ServerConnector@42181313{HTTP/1.1,[http/1.1]}{0.0.0.0:5493}
2018-06-07 14:51:11,857 [Safe X3 Studio HTTP server] INFO  org.eclipse.jetty.server.Server - Started @1753721ms
2018-06-11 09:37:25,566 [Worker-10] INFO  c.g.t.t.d.PublishedGradleVersions - Gradle version information cache is out-of-date. Trying to update.
2018-06-11 18:51:36,795 [Worker-1] INFO  c.g.t.t.d.PublishedGradleVersions - Gradle version information cache is up-to-date. Trying to read.
2018-06-13 21:19:18,564 [Worker-1] INFO  c.g.t.t.d.PublishedGradleVersions - Gradle version information cache is out-of-date. Trying to update.
2018-06-13 22:00:17,079 [Worker-3] INFO  c.g.t.t.d.PublishedGradleVersions - Gradle version information cache is up-to-date. Trying to read.
2018-06-13 22:24:55,084 [Worker-1] INFO  c.g.t.t.d.PublishedGradleVersions - Gradle version information cache is up-to-date. Trying to read.
2018-06-13 22:55:17,522 [Worker-5] INFO  c.g.t.t.d.PublishedGradleVersions - Gradle version information cache is up-to-date. Trying to read.
2018-06-13 23:03:22,203 [Worker-1] INFO  c.g.t.t.d.PublishedGradleVersions - Gradle version information cache is up-to-date. Trying to read.
2018-06-13 23:10:38,199 [Worker-2] INFO  c.g.t.t.d.PublishedGradleVersions - Gradle version information cache is up-to-date. Trying to read.
2018-06-14 10:03:45,039 [Worker-4] INFO  c.g.t.t.d.PublishedGradleVersions - Gradle version information cache is up-to-date. Trying to read.
2018-06-14 10:09:17,563 [Worker-5] INFO  c.g.t.t.d.PublishedGradleVersions - Gradle version information cache is up-to-date. Trying to read.
2018-06-14 10:28:14,181 [Worker-0] INFO  c.g.t.t.d.PublishedGradleVersions - Gradle version information cache is up-to-date. Trying to read.
2018-06-14 10:43:35,021 [Worker-2] INFO  c.g.t.t.d.PublishedGradleVersions - Gradle version information cache is up-to-date. Trying to read.
2018-06-14 11:03:26,873 [Worker-2] INFO  c.g.t.t.d.PublishedGradleVersions - Gradle version information cache is up-to-date. Trying to read.
2018-06-14 11:16:05,843 [Worker-4] INFO  c.g.t.t.d.PublishedGradleVersions - Gradle version information cache is up-to-date. Trying to read.
2018-06-14 11:22:49,852 [Worker-0] INFO  c.g.t.t.d.PublishedGradleVersions - Gradle version information cache is up-to-date. Trying to read.
2018-06-14 11:28:07,890 [Worker-4] INFO  c.g.t.t.d.PublishedGradleVersions - Gradle version information cache is up-to-date. Trying to read.
2018-06-14 11:51:50,603 [Worker-0] INFO  c.g.t.t.d.PublishedGradleVersions - Gradle version information cache is up-to-date. Trying to read.
